openjdk version "21.0.11" 2026-04-21
OpenJDK Runtime Environment (build 21.0.11+10-1-deb13u2-Debian)
OpenJDK 64-Bit Server VM (build 21.0.11+10-1-deb13u2-Debian, mixed mode)
INFO  Using log config file: jar:file:/home/z/my-project/download/ghidra_12.1_PUBLIC/Ghidra/Framework/Generic/lib/Generic.jar!/generic.log4j.xml (LoggingInitialization)  
INFO  Using log file: /home/z/.config/ghidra/ghidra_12.1_PUBLIC/application.log (LoggingInitialization)  
INFO  Loading user preferences: /home/z/.config/ghidra/ghidra_12.1_PUBLIC/preferences (Preferences)  
INFO  Searching for classes... (ClassSearcher)  
INFO  Class search complete (783 ms) (ClassSearcher)  
INFO  Initializing SSL Context (DefaultSSLContextInitializer)  
INFO  Initializing Random Number Generator... (SecureRandomFactory)  
INFO  Random Number Generator initialization complete: NativePRNGNonBlocking (SecureRandomFactory)  
INFO  Trust manager disabled, cacerts have not been set (DefaultTrustManagerFactory)  
INFO  Headless startup complete (1705 ms) (AnalyzeHeadless)  
INFO  Class searcher loaded 59 extension points (20 false positives) (ClassSearcher)  
INFO  HEADLESS Script Paths:
    /home/z/my-project/download/ghidra_12.1_PUBLIC/Ghidra/Features/SwiftDemangler/ghidra_scripts
    /home/z/my-project/download/ghidra_12.1_PUBLIC/Ghidra/Debug/Debugger/ghidra_scripts
    /home/z/my-project/download/ghidra_12.1_PUBLIC/Ghidra/Features/GnuDemangler/ghidra_scripts
    /home/z/my-project/download/ghidra_12.1_PUBLIC/Ghidra/Features/BSim/ghidra_scripts
    /home/z/my-project/download/ghidra_12.1_PUBLIC/Ghidra/Features/Base/ghidra_scripts
    /home/z/my-project/download/ghidra_12.1_PUBLIC/Ghidra/Processors/PIC/ghidra_scripts
    /home/z/my-project/download/ghidra_12.1_PUBLIC/Ghidra/Processors/JVM/ghidra_scripts
    /home/z/my-project/download/ghidra_12.1_PUBLIC/Ghidra/Features/FileFormats/ghidra_scripts
    /home/z/my-project/download/ghidra_scripts
    /home/z/my-project/download/ghidra_12.1_PUBLIC/Ghidra/Features/MicrosoftCodeAnalyzer/ghidra_scripts
    /home/z/my-project/download/ghidra_12.1_PUBLIC/Ghidra/Features/SystemEmulation/ghidra_scripts
    /home/z/my-project/download/ghidra_12.1_PUBLIC/Ghidra/Processors/Atmel/ghidra_scripts
    /home/z/my-project/download/ghidra_12.1_PUBLIC/Ghidra/Features/BytePatterns/ghidra_scripts
    /home/z/my-project/download/ghidra_12.1_PUBLIC/Ghidra/Features/DecompilerDependent/ghidra_scripts
    /home/z/my-project/download/ghidra_12.1_PUBLIC/Ghidra/Features/FunctionID/ghidra_scripts
    /home/z/my-project/download/ghidra_12.1_PUBLIC/Ghidra/Processors/DATA/ghidra_scripts
    /home/z/my-project/download/ghidra_12.1_PUBLIC/Ghidra/Features/PDB/ghidra_scripts
    /home/z/my-project/download/ghidra_12.1_PUBLIC/Ghidra/Features/PyGhidra/ghidra_scripts
    /home/z/my-project/download/ghidra_12.1_PUBLIC/Ghidra/Features/WildcardAssembler/ghidra_scripts
    /home/z/my-project/download/ghidra_12.1_PUBLIC/Ghidra/Features/VersionTracking/ghidra_scripts
    /home/z/my-project/download/ghidra_12.1_PUBLIC/Ghidra/Processors/8051/ghidra_scripts
    /home/z/my-project/download/ghidra_12.1_PUBLIC/Ghidra/Debug/Debugger-rmi-trace/ghidra_scripts
    /home/z/my-project/download/ghidra_12.1_PUBLIC/Ghidra/Features/Decompiler/ghidra_scripts (HeadlessAnalyzer)  
INFO  HEADLESS: execution starts (HeadlessAnalyzer)  
INFO  Creating project: /home/z/my-project/download/ghidra_project/BGMI5 (HeadlessAnalyzer)  
INFO  Creating project: /home/z/my-project/download/ghidra_project/BGMI5 (DefaultProject)  
INFO  REPORT: Processing input files:  (HeadlessAnalyzer)  
INFO       project: /home/z/my-project/download/ghidra_project/BGMI5 (HeadlessAnalyzer)  
INFO  IMPORTING: file:///home/z/my-project/download/bg_extracted/lib/arm64-v8a/libanogs.so (HeadlessAnalyzer)  
INFO  Using Loader: Executable and Linking Format (ELF) (ProgramLoader)  
INFO  Using Language/Compiler: AARCH64:LE:64:v8A:default (ProgramLoader)  
INFO  Using Library Search Path: [., /bin, /lib, /lib64, /lib/x86_64-linux-gnu, /lib/aarch64-linux-gnu, /usr/bin, /usr/lib, /usr/X11R6/bin, /usr/X11R6/lib, /usr/java/packages/lib, /usr/lib/x86_64-linux-gnu/jni, /usr/lib/x86_64-linux-gnu, /usr/lib/jni] (ProgramLoader)  
INFO  Additional info:
Loading file:///home/z/my-project/download/bg_extracted/lib/arm64-v8a/libanogs.so?MD5=b092560b26c9105f7e7ed507383e97b7...
Setting block .data.rel.ro to read-only
Setting block .fini_array to read-only
Setting block .init_array to read-only
Setting block .dynamic to read-only
------------------------------------------------

Linking the External Programs of 'libanogs.so' to imported libraries...
  [liblog.so] -> not found in project
  [libc.so] -> not found in project
  [libm.so] -> not found in project
  [libdl.so] -> not found in project
------------------------------------------------

Resolving External Symbols of [/libanogs.so] - 216 unresolved symbols, no external libraries configured - skipping
 (ProgramLoader)  
INFO  IMPORTING: Loaded 0 additional files (HeadlessAnalyzer)  
INFO  REPORT: Execute script: FullAnalysis.java  (HeadlessAnalyzer)  
ERROR REPORT SCRIPT ERROR: FullAnalysis.java : The class could not be found. It must be the public class of the .java file: Failed to get OSGi bundle containing script: /home/z/my-project/download/ghidra_scripts/FullAnalysis.java (HeadlessAnalyzer) ghidra.app.script.GhidraScriptLoadException: The class could not be found. It must be the public class of the .java file: Failed to get OSGi bundle containing script: /home/z/my-project/download/ghidra_scripts/FullAnalysis.java
	at ghidra.app.script.JavaScriptProvider.getScriptInstance(JavaScriptProvider.java:114)
	at ghidra.app.util.headless.HeadlessAnalyzer.runScriptsList(HeadlessAnalyzer.java:925)
	at ghidra.app.util.headless.HeadlessAnalyzer.analyzeProgram(HeadlessAnalyzer.java:1095)
	at ghidra.app.util.headless.HeadlessAnalyzer.processFileWithImport(HeadlessAnalyzer.java:1593)
	at ghidra.app.util.headless.HeadlessAnalyzer.processWithLoader(HeadlessAnalyzer.java:1753)
	at ghidra.app.util.headless.HeadlessAnalyzer.processWithImport(HeadlessAnalyzer.java:1694)
	at ghidra.app.util.headless.HeadlessAnalyzer.processWithImport(HeadlessAnalyzer.java:1778)
	at ghidra.app.util.headless.HeadlessAnalyzer.processLocal(HeadlessAnalyzer.java:463)
	at ghidra.app.util.headless.AnalyzeHeadless.launch(AnalyzeHeadless.java:199)
	at ghidra.GhidraLauncher.launch(GhidraLauncher.java:81)
	at ghidra.Ghidra.main(Ghidra.java:54)
Caused by: java.lang.ClassNotFoundException: Failed to get OSGi bundle containing script: /home/z/my-project/download/ghidra_scripts/FullAnalysis.java
	at ghidra.app.script.JavaScriptProvider.loadClass(JavaScriptProvider.java:163)
	at ghidra.app.script.JavaScriptProvider.getScriptInstance(JavaScriptProvider.java:97)
	... 10 more
 
INFO  /libanogs.so: file created (z) (LocalFileSystem)  
INFO  REPORT: Save succeeded for: /libanogs.so (BGMI5:/libanogs.so) (HeadlessAnalyzer)  
INFO  REPORT: Import succeeded (HeadlessAnalyzer)  
